<?xml version="1.0" encoding="utf-8"?><testsuites name="pytest tests"><testsuite name="pytest" errors="0" failures="0" skipped="0" tests="12" time="3.934" timestamp="2026-07-12T02:19:41.573494+00:00" hostname="agent-env-f4c8f2f1-4587-4442-842d-9074b7d8c5fd"><testcase classname="tests.test_iteration19_onboarding.TestOnboardingEndpoint" name="test_unauthenticated_401" time="0.439" /><testcase classname="tests.test_iteration19_onboarding.TestRegression" name="test_workspace_today" time="0.489" /><testcase classname="tests.test_iteration19_onboarding.TestOnboardingEndpoint" name="test_invalid_goal_returns_400" time="0.518" /><testcase classname="tests.test_iteration19_onboarding.TestRegression" name="test_billing_me" time="0.513" /><testcase classname="tests.test_iteration19_onboarding.TestOnboardingEndpoint" name="test_valid_goal_routes[crm-/crm]" time="0.552" /><testcase classname="tests.test_iteration19_onboarding.TestRegression" name="test_crm_invoices" time="0.511" /><testcase classname="tests.test_iteration19_onboarding.TestOnboardingEndpoint" name="test_valid_goal_routes[content-/content/kanban]" time="0.818" /><testcase classname="tests.test_iteration19_onboarding.TestSignupSchema" name="test_signup_returns_onboarding_flags" time="0.494" /><testcase classname="tests.test_iteration19_onboarding.TestSignupSchema" name="test_me_reflects_new_schema" time="0.318" /><testcase classname="tests.test_iteration19_onboarding.TestOnboardingEndpoint" name="test_valid_goal_routes[tasks-/tasks/boards]" time="0.387" /><testcase classname="tests.test_iteration19_onboarding.TestOnboardingEndpoint" name="test_valid_goal_routes[all-/workspace]" time="0.390" /><testcase classname="tests.test_iteration19_onboarding.TestOnboardingEndpoint" name="test_optional_fields_default_ok" time="0.329" /></testsuite></testsuites>