<?xml version="1.0" encoding="utf-8"?><testsuites name="pytest tests"><testsuite name="pytest" errors="0" failures="2" skipped="0" tests="21" time="5.448" timestamp="2026-07-16T22:03:28.082270+00:00" hostname="agent-env-f4c8f2f1-4587-4442-842d-9074b7d8c5fd"><testcase classname="tests.test_iteration28_moyasar_live.TestWebhookVerification" name="test_header_secret_token_ok" time="1.452" /><testcase classname="tests.test_iteration28_moyasar_live.TestTipIntent" name="test_tip_returns_intent" time="1.452" /><testcase classname="tests.test_iteration28_moyasar_live.TestWebhookVerification" name="test_body_secret_token_ok" time="0.234" /><testcase classname="tests.test_iteration28_moyasar_live.TestTipIntent" name="test_self_tip_rejected" time="0.106" /><testcase classname="tests.test_iteration28_moyasar_live.TestTipIntent" name="test_tip_below_min_rejected" time="0.108" /><testcase classname="tests.test_iteration28_moyasar_live.TestTipIntent" name="test_tip_unknown_creator" time="0.097" /><testcase classname="tests.test_iteration28_moyasar_live.TestWebhookVerification" name="test_hmac_signature_ok" time="0.538" /><testcase classname="tests.test_iteration28_moyasar_live.TestSubscribeIntent" name="test_subscribe_returns_intent" time="0.654" /><testcase classname="tests.test_iteration28_moyasar_live.TestWebhookVerification" name="test_missing_secret_401" time="0.260" /><testcase classname="tests.test_iteration28_moyasar_live.TestSubscribeIntent" name="test_duplicate_subscribe_409" time="0.613" /><testcase classname="tests.test_iteration28_moyasar_live.TestWebhookVerification" name="test_wrong_secret_401" time="0.379" /><testcase classname="tests.test_iteration28_moyasar_live.TestWebhookTipCredit" name="test_tip_paid_updates_status_and_wallet" time="0.852" /><testcase classname="tests.test_iteration28_moyasar_live.TestSubscribeIntent" name="test_self_subscribe_400" time="0.098" /><testcase classname="tests.test_iteration28_moyasar_live.TestSubscribeIntent" name="test_subscribe_no_plan_404" time="0.454" /><testcase classname="tests.test_iteration28_moyasar_live.TestMoyasarConfigLive" name="test_config_enabled" time="0.121" /><testcase classname="tests.test_iteration28_moyasar_live.TestSubscriptionCancel" name="test_cancel_sets_cancel_at_period_end" time="0.097"><failure message="AssertionError: signup failed: 429 {&quot;error&quot;:&quot;Rate limit exceeded: 5 per 1 minute&quot;}&#10;assert 429 in (200, 201)&#10; +  where 429 = &lt;Response [429]&gt;.status_code">backend/tests/test_iteration28_moyasar_live.py:203: in test_cancel_sets_cancel_at_period_end
    u = _new_user()
        ^^^^^^^^^^^
backend/tests/test_iteration28_moyasar_live.py:64: in _new_user
    assert r.status_code in (200, 201), f"signup failed: {r.status_code} {r.text}"
E   AssertionError: signup failed: 429 {"error":"Rate limit exceeded: 5 per 1 minute"}
E   assert 429 in (200, 201)
E    +  where 429 = &lt;Response [429]&gt;.status_code</failure></testcase><testcase classname="tests.test_iteration28_moyasar_live.TestWebhookTipCredit" name="test_idempotent_replay" time="1.007" /><testcase classname="tests.test_iteration28_moyasar_live.TestWebhookSubscription" name="test_sub_initial_paid_activates_and_credits" time="0.099"><failure message="AssertionError: signup failed: 429 {&quot;error&quot;:&quot;Rate limit exceeded: 5 per 1 minute&quot;}&#10;assert 429 in (200, 201)&#10; +  where 429 = &lt;Response [429]&gt;.status_code">backend/tests/test_iteration28_moyasar_live.py:346: in test_sub_initial_paid_activates_and_credits
    u = _new_user()
        ^^^^^^^^^^^
backend/tests/test_iteration28_moyasar_live.py:64: in _new_user
    assert r.status_code in (200, 201), f"signup failed: {r.status_code} {r.text}"
E   AssertionError: signup failed: 429 {"error":"Rate limit exceeded: 5 per 1 minute"}
E   assert 429 in (200, 201)
E    +  where 429 = &lt;Response [429]&gt;.status_code</failure></testcase><testcase classname="tests.test_iteration28_moyasar_live.TestRateLimits" name="test_payout_rate_limit_5_per_hour" time="0.687" /><testcase classname="tests.test_iteration28_moyasar_live.TestSentryAnd404" name="test_non_existent_returns_404" time="0.104" /><testcase classname="tests.test_iteration28_moyasar_live.TestSentryAnd404" name="test_sentry_env_loaded" time="0.116" /></testsuite></testsuites>