<?xml version="1.0" encoding="utf-8"?><testsuites name="pytest tests"><testsuite name="pytest" errors="0" failures="0" skipped="0" tests="26" time="12.678" timestamp="2026-07-15T17:13:52.682853+00:00" hostname="agent-env-f4c8f2f1-4587-4442-842d-9074b7d8c5fd"><testcase classname="tests.test_iteration21_booking_ws.TestBookingMeta" name="test_meta" time="0.174" /><testcase classname="tests.test_iteration21_booking_ws.TestSpacesCRUD" name="test_public_list_no_auth" time="0.573" /><testcase classname="tests.test_iteration21_booking_ws.TestSpacesCRUD" name="test_get_single_space" time="0.108" /><testcase classname="tests.test_iteration21_booking_ws.TestSpacesCRUD" name="test_get_not_found" time="0.112" /><testcase classname="tests.test_iteration21_booking_ws.TestSpacesCRUD" name="test_update_by_owner" time="0.141" /><testcase classname="tests.test_iteration21_booking_ws.TestSpacesCRUD" name="test_update_by_non_owner_denied" time="0.455" /><testcase classname="tests.test_iteration21_booking_ws.TestSpacesCRUD" name="test_my_spaces" time="0.126" /><testcase classname="tests.test_iteration21_booking_ws.TestSpacesCRUD" name="test_my_spaces_requires_auth" time="0.108" /><testcase classname="tests.test_iteration21_booking_ws.TestBookingFlow" name="test_availability_free" time="0.145" /><testcase classname="tests.test_iteration21_booking_ws.TestBookingFlow" name="test_owner_cannot_book_own" time="0.105" /><testcase classname="tests.test_iteration21_booking_ws.TestBookingFlow" name="test_past_time_rejected" time="0.103" /><testcase classname="tests.test_iteration21_booking_ws.TestBookingFlow" name="test_end_before_start_rejected" time="0.101" /><testcase classname="tests.test_iteration21_booking_ws.TestBookingFlow" name="test_booking_creates_pending_and_stripe_url" time="0.766" /><testcase classname="tests.test_iteration21_booking_ws.TestBookingFlow" name="test_overlap_returns_409" time="0.116" /><testcase classname="tests.test_iteration21_booking_ws.TestBookingFlow" name="test_availability_reflects_pending" time="0.128" /><testcase classname="tests.test_iteration21_booking_ws.TestBookingFlow" name="test_status_endpoint_ok" time="0.368" /><testcase classname="tests.test_iteration21_booking_ws.TestQRCancelScan" name="test_qr_rejected_pending" time="0.108" /><testcase classname="tests.test_iteration21_booking_ws.TestQRCancelScan" name="test_scan_rejected_pending" time="0.129" /><testcase classname="tests.test_iteration21_booking_ws.TestQRCancelScan" name="test_cancel_by_guest_or_owner" time="0.839" /><testcase classname="tests.test_iteration21_booking_ws.TestZCleanup" name="test_delete_by_non_owner_denied" time="0.108" /><testcase classname="tests.test_iteration21_booking_ws.TestZCleanup" name="test_delete_by_owner" time="0.215" /><testcase classname="tests.test_iteration21_booking_ws.TestWebSocket" name="test_realtime_status" time="0.146" /><testcase classname="tests.test_iteration21_booking_ws.TestWebSocket" name="test_ws_missing_token_rejected" time="0.183" /><testcase classname="tests.test_iteration21_booking_ws.TestWebSocket" name="test_ws_invalid_token_closes_1008" time="0.170" /><testcase classname="tests.test_iteration21_booking_ws.TestWebSocket" name="test_ws_valid_connect_and_ping" time="0.568" /><testcase classname="tests.test_iteration21_booking_ws.TestWebSocket" name="test_ws_receives_notification_on_follow" time="6.491" /></testsuite></testsuites>