<?xml version="1.0" encoding="utf-8"?><testsuites name="pytest tests"><testsuite name="pytest" errors="0" failures="0" skipped="0" tests="15" time="16.048" timestamp="2026-07-15T18:32:50.451078+00:00" hostname="agent-env-f4c8f2f1-4587-4442-842d-9074b7d8c5fd"><testcase classname="tests.test_iteration24_bugfix5.TestAdminLeads" name="test_admin_list_leads" time="0.784" /><testcase classname="tests.test_iteration24_bugfix5.TestAdminLeads" name="test_status_new_filter" time="0.142" /><testcase classname="tests.test_iteration24_bugfix5.TestVideoDelete" name="test_non_owner_gets_403" time="1.522" /><testcase classname="tests.test_iteration24_bugfix5.TestAdminLeads" name="test_non_privileged_403" time="0.695" /><testcase classname="tests.test_iteration24_bugfix5.TestVideoDelete" name="test_non_existent_404" time="0.099" /><testcase classname="tests.test_iteration24_bugfix5.TestVideoDelete" name="test_owner_delete_cascades" time="0.655" /><testcase classname="tests.test_iteration24_bugfix5.TestAdminLeadStatus" name="test_valid_status_update" time="0.370" /><testcase classname="tests.test_iteration24_bugfix5.TestAdminLeadStatus" name="test_invalid_status_400" time="0.104" /><testcase classname="tests.test_iteration24_bugfix5.TestAdminLeadStatus" name="test_non_existent_lead_404" time="0.105" /><testcase classname="tests.test_iteration24_bugfix5.TestFollowersFollowing" name="test_follow_then_list" time="0.930" /><testcase classname="tests.test_iteration24_bugfix5.TestVideoDelete" name="test_super_admin_can_delete_any" time="0.957" /><testcase classname="tests.test_iteration24_bugfix5.TestFollowersFollowing" name="test_followers_unknown_user_404" time="0.108" /><testcase classname="tests.test_iteration24_bugfix5.TestWorkspaceRecommendations" name="test_recos_returns_200_with_list" time="12.088" /><testcase classname="tests.test_iteration24_bugfix5.TestCommentRegression" name="test_bob_can_comment_on_alice_video" time="2.835" /><testcase classname="tests.test_iteration24_bugfix5.TestWorkspaceRecommendations" name="test_recos_unauth_401_or_403" time="0.159" /></testsuite></testsuites>