<?xml version="1.0" encoding="utf-8"?><testsuites name="pytest tests"><testsuite name="pytest" errors="0" failures="0" skipped="0" tests="29" time="4.603" timestamp="2026-07-16T21:24:50.423118+00:00" hostname="agent-env-f4c8f2f1-4587-4442-842d-9074b7d8c5fd"><testcase classname="tests.test_iteration27_moyasar.TestTips" name="test_self_tip_blocked_before_moyasar" time="0.731" /><testcase classname="tests.test_iteration27_moyasar.TestSubscribe" name="test_self_subscribe_blocked" time="0.815" /><testcase classname="tests.test_iteration27_moyasar.TestTips" name="test_tip_nonexistent_creator" time="0.101" /><testcase classname="tests.test_iteration27_moyasar.TestSubscribe" name="test_subscribe_no_plan" time="0.983" /><testcase classname="tests.test_iteration27_moyasar.TestTips" name="test_tip_amount_invalid" time="0.825" /><testcase classname="tests.test_iteration27_moyasar.TestTips" name="test_tip_hits_moyasar_503_with_empty_secret" time="0.132" /><testcase classname="tests.test_iteration27_moyasar.TestTips" name="test_tips_sent_lists" time="0.137" /><testcase classname="tests.test_iteration27_moyasar.TestSubscribe" name="test_subscribe_hits_moyasar_503_with_pending_doc" time="0.120" /><testcase classname="tests.test_iteration27_moyasar.TestSubscribe" name="test_my_subscriptions_lists" time="0.103" /><testcase classname="tests.test_iteration27_moyasar.TestTips" name="test_tips_received_only_paid" time="0.149" /><testcase classname="tests.test_iteration27_moyasar.TestSubscribe" name="test_my_subscribers_lists" time="0.382" /><testcase classname="tests.test_iteration27_moyasar.TestSubscriptionPlans" name="test_set_plan_success" time="0.113" /><testcase classname="tests.test_iteration27_moyasar.TestSubscriptionPlans" name="test_set_plan_too_low" time="0.097" /><testcase classname="tests.test_iteration27_moyasar.TestSubscriptionPlans" name="test_set_plan_too_high" time="0.117" /><testcase classname="tests.test_iteration27_moyasar.TestSubscribe" name="test_cancel_nonexistent" time="0.160" /><testcase classname="tests.test_iteration27_moyasar.TestSubscriptionPlans" name="test_get_plan_public" time="0.099" /><testcase classname="tests.test_iteration27_moyasar.TestSubscriptionPlans" name="test_get_plan_not_found_user" time="0.108" /><testcase classname="tests.test_iteration27_moyasar.TestWebhook" name="test_webhook_invalid_json" time="0.130" /><testcase classname="tests.test_iteration27_moyasar.TestPayout" name="test_payout_amount_too_low" time="0.137" /><testcase classname="tests.test_iteration27_moyasar.TestWebhook" name="test_webhook_unknown_event_still_200" time="0.122" /><testcase classname="tests.test_iteration27_moyasar.TestPayout" name="test_payout_bad_iban" time="0.108" /><testcase classname="tests.test_iteration27_moyasar.TestWebhook" name="test_webhook_marks_tip_paid" time="0.524" /><testcase classname="tests.test_iteration27_moyasar.TestPayout" name="test_payout_insufficient_balance" time="0.128" /><testcase classname="tests.test_iteration27_moyasar.TestMoyasarConfig" name="test_config_public" time="0.101" /><testcase classname="tests.test_iteration27_moyasar.TestHealth" name="test_health_ok" time="0.123" /><testcase classname="tests.test_iteration27_moyasar.TestWallet" name="test_get_wallet" time="0.124" /><testcase classname="tests.test_iteration27_moyasar.TestRateLimits" name="test_payout_rate_limit" time="0.785" /><testcase classname="tests.test_iteration27_moyasar.TestWebhook" name="test_webhook_idempotent" time="0.362" /><testcase classname="tests.test_iteration27_moyasar.TestWebhook" name="test_wallet_reflects_paid_tip" time="0.112" /></testsuite></testsuites>