<?xml version="1.0" encoding="utf-8"?><testsuites name="pytest tests"><testsuite name="pytest" errors="0" failures="0" skipped="0" tests="8" time="2.657" timestamp="2026-07-12T02:08:02.286032+00:00" hostname="agent-env-f4c8f2f1-4587-4442-842d-9074b7d8c5fd"><testcase classname="tests.test_iteration18_regression" name="test_workspace_today" time="0.516" /><testcase classname="tests.test_iteration18_regression" name="test_workspace_morning_brief" time="0.112" /><testcase classname="tests.test_iteration18_regression" name="test_crm_clients_list" time="0.136" /><testcase classname="tests.test_iteration18_regression" name="test_billing_me" time="0.099" /><testcase classname="tests.test_iteration18_regression" name="test_billing_checkout" time="0.608" /><testcase classname="tests.test_iteration18_regression" name="test_crm_create_invoice_and_persistence" time="0.209" /><testcase classname="tests.test_iteration18_regression" name="test_avatar_upload_returns_amora_path" time="0.262" /><testcase classname="tests.test_iteration18_regression" name="test_community_create_and_list" time="0.223" /></testsuite></testsuites>