<?xml version="1.0" encoding="utf-8"?><testsuites name="pytest tests"><testsuite name="pytest" errors="0" failures="1" skipped="0" tests="23" time="7.023" timestamp="2026-07-16T20:46:01.140418+00:00" hostname="agent-env-f4c8f2f1-4587-4442-842d-9074b7d8c5fd"><testcase classname="tests.test_iteration26_p0_launch.TestBlocks" name="test_block_success" time="1.291" /><testcase classname="tests.test_iteration26_p0_launch.TestReports" name="test_create_report_success" time="1.404" /><testcase classname="tests.test_iteration26_p0_launch.TestBlocks" name="test_self_block_rejected" time="0.154" /><testcase classname="tests.test_iteration26_p0_launch.TestReports" name="test_duplicate_report_conflict" time="0.123" /><testcase classname="tests.test_iteration26_p0_launch.TestBlocks" name="test_block_unknown_user" time="0.123" /><testcase classname="tests.test_iteration26_p0_launch.TestReports" name="test_invalid_target_type" time="0.105" /><testcase classname="tests.test_iteration26_p0_launch.TestBlocks" name="test_my_blocks_list" time="0.124" /><testcase classname="tests.test_iteration26_p0_launch.TestReports" name="test_invalid_reason" time="0.113" /><testcase classname="tests.test_iteration26_p0_launch.TestBlocks" name="test_unblock" time="0.182" /><testcase classname="tests.test_iteration26_p0_launch.TestReports" name="test_my_reports_requires_auth" time="0.192" /><testcase classname="tests.test_iteration26_p0_launch.TestReports" name="test_my_reports_ok" time="0.329" /><testcase classname="tests.test_iteration26_p0_launch.TestRateLimits" name="test_login_rate_limit" time="1.746" /><testcase classname="tests.test_iteration26_p0_launch.TestAdminReports" name="test_admin_list_reports" time="0.517" /><testcase classname="tests.test_iteration26_p0_launch.TestAdminReports" name="test_admin_stats" time="0.128" /><testcase classname="tests.test_iteration26_p0_launch.TestAdminReports" name="test_admin_forbidden_for_non_privileged" time="0.128" /><testcase classname="tests.test_iteration26_p0_launch.TestAdminReports" name="test_admin_resolve_report" time="0.266" /><testcase classname="tests.test_iteration26_p0_launch.TestMagicBytes" name="test_video_upload_rejects_fake_mp4" time="0.114" /><testcase classname="tests.test_iteration26_p0_launch.TestMagicBytes" name="test_avatar_upload_rejects_fake_jpg" time="0.118" /><testcase classname="tests.test_iteration26_p0_launch.TestHealth" name="test_health_ok" time="0.144" /><testcase classname="tests.test_iteration26_p0_launch.TestModerationMeta" name="test_meta_shape" time="0.146" /><testcase classname="tests.test_iteration26_p0_launch.TestBannedLogin" name="test_banned_user_rejected" time="0.458"><failure message="AssertionError: ban failed: 422 {&quot;detail&quot;:[{&quot;type&quot;:&quot;missing&quot;,&quot;loc&quot;:[&quot;body&quot;,&quot;banned&quot;],&quot;msg&quot;:&quot;Field required&quot;,&quot;input&quot;:{&quot;is_banned&quot;:true,&quot;reason&quot;:&quot;TEST_p0&quot;},&quot;url&quot;:&quot;https://errors.pydantic.dev/2.13/v/missing&quot;}]}&#10;assert 422 in (200, 204)&#10; +  where 422 = &lt;Response [422]&gt;.status_code">backend/tests/test_iteration26_p0_launch.py:317: in test_banned_user_rejected
    assert rb.status_code in (200, 204), f"ban failed: {rb.status_code} {rb.text}"
E   AssertionError: ban failed: 422 {"detail":[{"type":"missing","loc":["body","banned"],"msg":"Field required","input":{"is_banned":true,"reason":"TEST_p0"},"url":"https://errors.pydantic.dev/2.13/v/missing"}]}
E   assert 422 in (200, 204)
E    +  where 422 = &lt;Response [422]&gt;.status_code</failure></testcase><testcase classname="tests.test_iteration26_p0_launch.TestRateLimits" name="test_signup_rate_limit" time="1.926" /><testcase classname="tests.test_iteration26_p0_launch.TestRateLimits" name="test_leads_rate_limit" time="0.553" /></testsuite></testsuites>