<?xml version="1.0" encoding="utf-8"?><testsuites name="pytest tests"><testsuite name="pytest" errors="0" failures="0" skipped="0" tests="15" time="2.888" timestamp="2026-07-16T22:33:25.954811+00:00" hostname="agent-env-f4c8f2f1-4587-4442-842d-9074b7d8c5fd"><testcase classname="tests.test_iteration29_feed.TestFeedEnrichment" name="test_feed_returns_list" time="0.618" /><testcase classname="tests.test_iteration29_feed.TestSaveVideo" name="test_save_requires_auth" time="0.851" /><testcase classname="tests.test_iteration29_feed.TestFeedEnrichment" name="test_feed_item_shape" time="0.160" /><testcase classname="tests.test_iteration29_feed.TestFeedEnrichment" name="test_creator_stats" time="0.000" /><testcase classname="tests.test_iteration29_feed.TestFeedEnrichment" name="test_feed_no_mongo_id" time="0.000" /><testcase classname="tests.test_iteration29_feed.TestFollowingFeed" name="test_requires_auth" time="0.145" /><testcase classname="tests.test_iteration29_feed.TestSaveVideo" name="test_save_and_idempotent" time="0.711" /><testcase classname="tests.test_iteration29_feed.TestFollowingFeed" name="test_empty_when_following_nobody" time="0.635" /><testcase classname="tests.test_iteration29_feed.TestSaveVideo" name="test_saved_list_includes_video" time="0.120" /><testcase classname="tests.test_iteration29_feed.TestFollowingFeed" name="test_returns_videos_after_following" time="0.324" /><testcase classname="tests.test_iteration29_feed.TestSaveVideo" name="test_saved_flag_in_feed" time="0.169" /><testcase classname="tests.test_iteration29_feed.TestSaveVideo" name="test_unsave" time="0.094" /><testcase classname="tests.test_iteration29_feed.TestPrimaryService" name="test_primary_service_present_when_creator_has_service" time="0.216" /><testcase classname="tests.test_iteration29_feed.TestSaveVideo" name="test_save_nonexistent_video" time="0.118" /><testcase classname="tests.test_iteration29_feed.TestPrimaryService" name="test_primary_service_ordering_orders_count" time="0.327" /></testsuite></testsuites>