<?xml version="1.0" encoding="utf-8"?><testsuites name="pytest tests"><testsuite name="pytest" errors="0" failures="0" skipped="0" tests="22" time="4.290" timestamp="2026-07-15T17:44:41.706048+00:00" hostname="agent-env-f4c8f2f1-4587-4442-842d-9074b7d8c5fd"><testcase classname="tests.test_iteration22_disputes_media.TestDisputesMeta" name="test_meta" time="0.231" /><testcase classname="tests.test_iteration22_disputes_media.TestDisputesFlow" name="test_a_non_buyer_cannot_create" time="0.782" /><testcase classname="tests.test_iteration22_disputes_media.TestDisputesFlow" name="test_b_buyer_opens_dispute" time="0.081" /><testcase classname="tests.test_iteration22_disputes_media.TestDisputesFlow" name="test_c_duplicate_open_409" time="0.046" /><testcase classname="tests.test_iteration22_disputes_media.TestDisputesFlow" name="test_d_list_disputes_as_buyer" time="0.045" /><testcase classname="tests.test_iteration22_disputes_media.TestDisputesFlow" name="test_e_list_disputes_as_seller" time="0.050" /><testcase classname="tests.test_iteration22_disputes_media.TestDisputesFlow" name="test_f_get_dispute_detail_enriched" time="0.044" /><testcase classname="tests.test_iteration22_disputes_media.TestDisputesFlow" name="test_g_add_message_flips_to_under_review" time="0.098" /><testcase classname="tests.test_iteration22_disputes_media.TestDisputesFlow" name="test_h_empty_message_rejected" time="0.046" /><testcase classname="tests.test_iteration22_disputes_media.TestDisputesFlow" name="test_i_non_admin_cannot_resolve" time="0.044" /><testcase classname="tests.test_iteration22_disputes_media.TestDisputesFlow" name="test_j_admin_lists_all_disputes" time="0.335" /><testcase classname="tests.test_iteration22_disputes_media.TestDisputesFlow" name="test_k_admin_resolves_refund" time="0.051" /><testcase classname="tests.test_iteration22_disputes_media.TestDisputesFlow" name="test_l_add_message_after_resolve_rejected" time="0.058" /><testcase classname="tests.test_iteration22_disputes_media.TestDisputesFlow" name="test_m_close_by_buyer" time="0.245" /><testcase classname="tests.test_iteration22_disputes_media.TestMessagesMedia" name="test_upload_image_ok" time="0.342" /><testcase classname="tests.test_iteration22_disputes_media.TestMessagesMedia" name="test_upload_exe_rejected" time="0.105" /><testcase classname="tests.test_iteration22_disputes_media.TestMessagesMedia" name="test_send_message_media_only_no_text" time="0.433" /><testcase classname="tests.test_iteration22_disputes_media.TestMessagesMedia" name="test_send_message_empty_both_rejected" time="0.103" /><testcase classname="tests.test_iteration22_disputes_media.TestMessagesMedia" name="test_send_message_text_only_still_works" time="0.103" /><testcase classname="tests.test_iteration22_disputes_media.TestVideoUploadWithThumbnailFilter" name="test_upload_video_with_thumbnail_and_filter" time="0.604" /><testcase classname="tests.test_iteration22_disputes_media.TestVideoUploadWithThumbnailFilter" name="test_upload_video_without_optional_thumbnail" time="0.354" /><testcase classname="tests.test_iteration22_disputes_media.TestZCleanup" name="test_cleanup" time="0.004" /></testsuite></testsuites>