<?xml version="1.0" encoding="utf-8"?><testsuites name="pytest tests"><testsuite name="pytest" errors="0" failures="1" skipped="0" tests="14" time="3.002" timestamp="2026-07-16T22:26:53.168876+00:00" hostname="agent-env-f4c8f2f1-4587-4442-842d-9074b7d8c5fd"><testcase classname="tests.test_iteration29_feed.TestFeedEnrichment" name="test_feed_returns_list" time="0.829" /><testcase classname="tests.test_iteration29_feed.TestSaveVideo" name="test_save_requires_auth" time="0.888" /><testcase classname="tests.test_iteration29_feed.TestFeedEnrichment" name="test_feed_item_shape" time="0.116" /><testcase classname="tests.test_iteration29_feed.TestFeedEnrichment" name="test_creator_stats" time="0.000" /><testcase classname="tests.test_iteration29_feed.TestFeedEnrichment" name="test_feed_no_mongo_id" time="0.000" /><testcase classname="tests.test_iteration29_feed.TestFollowingFeed" name="test_requires_auth" time="0.282" /><testcase classname="tests.test_iteration29_feed.TestSaveVideo" name="test_save_and_idempotent" time="0.715" /><testcase classname="tests.test_iteration29_feed.TestSaveVideo" name="test_saved_list_includes_video" time="0.123" /><testcase classname="tests.test_iteration29_feed.TestFollowingFeed" name="test_empty_when_following_nobody" time="0.529" /><testcase classname="tests.test_iteration29_feed.TestSaveVideo" name="test_saved_flag_in_feed" time="0.110" /><testcase classname="tests.test_iteration29_feed.TestSaveVideo" name="test_unsave" time="0.101" /><testcase classname="tests.test_iteration29_feed.TestFollowingFeed" name="test_returns_videos_after_following" time="0.376" /><testcase classname="tests.test_iteration29_feed.TestSaveVideo" name="test_save_nonexistent_video" time="0.144" /><testcase classname="tests.test_iteration29_feed.TestPrimaryService" name="test_primary_service_present_when_creator_has_service" time="0.361"><failure message="AssertionError: primary_service is None for ALL admin videos even though a service exists — likely engine mismatch (services stored with user_id but enrich_video queries seller_id).&#10;assert []">backend/tests/test_iteration29_feed.py:200: in test_primary_service_present_when_creator_has_service
    assert with_svc, (
E   AssertionError: primary_service is None for ALL admin videos even though a service exists — likely engine mismatch (services stored with user_id but enrich_video queries seller_id).
E   assert []</failure></testcase></testsuite></testsuites>