<?xml version="1.0" encoding="utf-8"?><testsuites name="pytest tests"><testsuite name="pytest" errors="0" failures="0" skipped="0" tests="9" time="34.254" timestamp="2026-07-12T02:36:09.182819+00:00" hostname="agent-env-f4c8f2f1-4587-4442-842d-9074b7d8c5fd"><testcase classname="tests.test_iteration20_recommendations.TestRecommendationsFlow" name="test_first_call_schema_and_from_cache_false_then_true" time="12.270" /><testcase classname="tests.test_iteration20_recommendations.TestRegression" name="test_workspace_today_ok" time="0.716" /><testcase classname="tests.test_iteration20_recommendations.TestRegression" name="test_morning_brief_ok" time="1.375" /><testcase classname="tests.test_iteration20_recommendations.TestRegression" name="test_billing_me_ok" time="0.045" /><testcase classname="tests.test_iteration20_recommendations.TestRegression" name="test_super_admin_recos" time="0.045" /><testcase classname="tests.test_iteration20_recommendations.TestPersonalization" name="test_crm_goal_vs_content_goal_differ" time="8.873" /><testcase classname="tests.test_iteration20_recommendations.TestFallback" name="test_user_without_onboarding_still_gets_3" time="4.396" /><testcase classname="tests.test_iteration20_recommendations.TestRecommendationsFlow" name="test_force_regenerates" time="21.424" /><testcase classname="tests.test_iteration20_recommendations.TestAuth" name="test_unauthenticated_denied" time="0.051" /></testsuite></testsuites>