<?xml version="1.0" encoding="utf-8"?><testsuites name="pytest tests"><testsuite name="pytest" errors="0" failures="0" skipped="0" tests="4" time="24.322" timestamp="2026-07-12T00:52:49.056997+00:00" hostname="agent-env-f4c8f2f1-4587-4442-842d-9074b7d8c5fd"><testcase classname="tests.test_morning_brief.TestMorningBriefAuth" name="test_unauthenticated_returns_401" time="0.398" /><testcase classname="tests.test_morning_brief.TestMorningBriefFlow" name="test_1_first_call_no_cache" time="13.763" /><testcase classname="tests.test_morning_brief.TestMorningBriefFlow" name="test_2_second_call_returns_cache" time="0.050" /><testcase classname="tests.test_morning_brief.TestMorningBriefFlow" name="test_3_force_regenerates" time="9.996" /></testsuite></testsuites>