<?xml version="1.0" encoding="utf-8"?><testsuites name="pytest tests"><testsuite name="pytest" errors="0" failures="0" skipped="0" tests="10" time="2.039" timestamp="2026-07-12T01:57:52.016808+00:00" hostname="agent-env-f4c8f2f1-4587-4442-842d-9074b7d8c5fd"><testcase classname="tests.test_phase3_rebrand.TestAvatarUpload" name="test_upload_avatar_returns_avatar_url" time="0.828" /><testcase classname="tests.test_phase3_rebrand.TestCommunities" name="test_create_community_arabic_slug" time="1.120" /><testcase classname="tests.test_phase3_rebrand.TestAvatarUpload" name="test_avatar_persisted_on_user" time="0.349" /><testcase classname="tests.test_phase3_rebrand.TestCommunities" name="test_search_communities_q_filters" time="0.128" /><testcase classname="tests.test_phase3_rebrand.TestAvatarUpload" name="test_avatar_rejects_non_image" time="0.050" /><testcase classname="tests.test_phase3_rebrand.TestTeamsEvents" name="test_teams_endpoint_returns_list" time="0.050" /><testcase classname="tests.test_phase3_rebrand.TestCommunities" name="test_list_communities_no_q" time="0.050" /><testcase classname="tests.test_phase3_rebrand.TestTeamsEvents" name="test_events_endpoint_returns_list" time="0.052" /><testcase classname="tests.test_phase3_rebrand.TestRebrand" name="test_backend_title_is_amora" time="0.085" /><testcase classname="tests.test_phase3_rebrand.TestInvoicePdfBranding" name="test_invoice_pdf_does_not_contain_ruaa" time="0.189" /></testsuite></testsuites>