<?xml version="1.0" encoding="utf-8"?><testsuites name="pytest tests"><testsuite name="pytest" errors="0" failures="1" skipped="0" tests="8" time="37.083" timestamp="2026-07-12T01:07:24.765125+00:00" hostname="agent-env-f4c8f2f1-4587-4442-842d-9074b7d8c5fd"><testcase classname="tests.test_phase1_cross_engine.TestAIAssist" name="test_deal_close_prediction" time="12.505" /><testcase classname="tests.test_phase1_cross_engine.TestWorkspaceRelated" name="test_related_by_client_id" time="2.128" /><testcase classname="tests.test_phase1_cross_engine.TestWorkspaceRelated" name="test_related_by_deal_id" time="0.116" /><testcase classname="tests.test_phase1_cross_engine.TestWorkspaceRelated" name="test_related_by_content_id_optional" time="0.094" /><testcase classname="tests.test_phase1_cross_engine.TestCRMClientDetail" name="test_get_client_by_id" time="0.052" /><testcase classname="tests.test_phase1_cross_engine.TestRegression" name="test_workspace_morning_brief" time="0.046"><failure message="AssertionError: {&quot;detail&quot;:&quot;Method Not Allowed&quot;}&#10;assert 405 in (200, 500)&#10; +  where 405 = &lt;Response [405]&gt;.status_code">backend/tests/test_phase1_cross_engine.py:169: in test_workspace_morning_brief
    assert r.status_code in (200, 500), r.text[:300]
E   AssertionError: {"detail":"Method Not Allowed"}
E   assert 405 in (200, 500)
E    +  where 405 = &lt;Response [405]&gt;.status_code</failure></testcase><testcase classname="tests.test_phase1_cross_engine.TestAIAssist" name="test_improve_bio" time="16.414" /><testcase classname="tests.test_phase1_cross_engine.TestAIAssist" name="test_profile_bio_task" time="7.655" /></testsuite></testsuites>