<?xml version="1.0" encoding="utf-8"?><testsuites name="pytest tests"><testsuite name="pytest" errors="0" failures="0" skipped="1" tests="15" time="20.740" timestamp="2026-07-12T01:27:09.589003+00:00" hostname="agent-env-f4c8f2f1-4587-4442-842d-9074b7d8c5fd"><testcase classname="tests.test_phase2_billing_invoices.TestBilling" name="test_list_plans" time="0.617" /><testcase classname="tests.test_phase2_billing_invoices.TestBilling" name="test_billing_me" time="0.050" /><testcase classname="tests.test_phase2_billing_invoices.TestBilling" name="test_billing_checkout_pro" time="0.617" /><testcase classname="tests.test_phase2_billing_invoices.TestInvoices" name="test_create_invoice_with_totals" time="0.718" /><testcase classname="tests.test_phase2_billing_invoices.TestInvoices" name="test_list_invoices_has_client" time="0.529" /><testcase classname="tests.test_phase2_billing_invoices.TestInvoices" name="test_invoice_stats" time="0.092" /><testcase classname="tests.test_phase2_billing_invoices.TestBilling" name="test_billing_checkout_business" time="0.383" /><testcase classname="tests.test_phase2_billing_invoices.TestInvoices" name="test_invoice_pdf_download" time="0.399" /><testcase classname="tests.test_phase2_billing_invoices.TestBilling" name="test_billing_checkout_invalid_plan" time="0.056" /><testcase classname="tests.test_phase2_billing_invoices.TestAICreditGating" name="test_ai_assist_increments_credits" time="18.310" /><testcase classname="tests.test_phase2_billing_invoices.TestInvoices" name="test_invoice_update_status_to_paid" time="1.446" /><testcase classname="tests.test_phase2_billing_invoices.TestDealToInvoiceAndContract" name="test_create_invoice_from_deal" time="0.100" /><testcase classname="tests.test_phase2_billing_invoices.TestDealToInvoiceAndContract" name="test_deal_contract_pdf" time="0.088" /><testcase classname="tests.test_phase2_billing_invoices.TestAICreditGating" name="test_ai_assist_402_when_exhausted" time="0.045"><skipped type="pytest.skip" message="Credits still available (28) — cannot test exhaustion">/app/backend/tests/test_phase2_billing_invoices.py:249: Credits still available (28) — cannot test exhaustion</skipped></testcase><testcase classname="tests.test_phase2_billing_invoices.TestAICreditGating" name="test_morning_brief_no_credit_consumption" time="0.143" /></testsuite></testsuites>